0 info it worked if it ends with ok
1 verbose cli [ '/Users/toni/.nvm/versions/node/v8.10.0/bin/node',
1 verbose cli   '/Users/toni/.nvm/versions/node/v8.10.0/bin/npm',
1 verbose cli   'i',
1 verbose cli   'lazyloading-images' ]
2 info using npm@3.10.10
3 info using node@v8.10.0
4 silly loadCurrentTree Starting
5 silly install loadCurrentTree
6 silly install readLocalPackageData
7 silly fetchPackageMetaData lazyloading-images
8 silly fetchNamedPackageData lazyloading-images
9 silly mapToRegistry name lazyloading-images
10 silly mapToRegistry using default registry
11 silly mapToRegistry registry https://registry.npmjs.org/
12 silly mapToRegistry data Result {
12 silly mapToRegistry   raw: 'lazyloading-images',
12 silly mapToRegistry   scope: null,
12 silly mapToRegistry   escapedName: 'lazyloading-images',
12 silly mapToRegistry   name: 'lazyloading-images',
12 silly mapToRegistry   rawSpec: '',
12 silly mapToRegistry   spec: 'latest',
12 silly mapToRegistry   type: 'tag' }
13 silly mapToRegistry uri https://registry.npmjs.org/lazyloading-images
14 verbose request uri https://registry.npmjs.org/lazyloading-images
15 verbose request no auth needed
16 info attempt registry request try #1 at 22:33:41
17 verbose request using bearer token for auth
18 verbose request id 34c222937f2117d1
19 http request GET https://registry.npmjs.org/lazyloading-images
20 http 200 https://registry.npmjs.org/lazyloading-images
21 verbose headers { 'content-type': 'application/json; charset=UTF-8',
21 verbose headers   server: 'UploadServer',
21 verbose headers   'cache-control': 'max-age=300',
21 verbose headers   'last-modified': 'Fri, 27 Apr 2018 20:32:47 GMT',
21 verbose headers   etag: '"5ae388ef-1971"',
21 verbose headers   'x-npm-region': 'EU-West',
21 verbose headers   'content-encoding': 'gzip',
21 verbose headers   'content-length': '2832',
21 verbose headers   'accept-ranges': 'bytes',
21 verbose headers   date: 'Fri, 27 Apr 2018 20:33:41 GMT',
21 verbose headers   via: '1.1 varnish',
21 verbose headers   age: '0',
21 verbose headers   connection: 'keep-alive',
21 verbose headers   'x-served-by': 'cache-mad9449-MAD',
21 verbose headers   'x-cache': 'MISS',
21 verbose headers   'x-cache-hits': '0',
21 verbose headers   'x-timer': 'S1524861222.500233,VS0,VE371',
21 verbose headers   vary: 'Accept-Encoding, Accept' }
22 silly get cb [ 200,
22 silly get   { 'content-type': 'application/json; charset=UTF-8',
22 silly get     server: 'UploadServer',
22 silly get     'cache-control': 'max-age=300',
22 silly get     'last-modified': 'Fri, 27 Apr 2018 20:32:47 GMT',
22 silly get     etag: '"5ae388ef-1971"',
22 silly get     'x-npm-region': 'EU-West',
22 silly get     'content-encoding': 'gzip',
22 silly get     'content-length': '2832',
22 silly get     'accept-ranges': 'bytes',
22 silly get     date: 'Fri, 27 Apr 2018 20:33:41 GMT',
22 silly get     via: '1.1 varnish',
22 silly get     age: '0',
22 silly get     connection: 'keep-alive',
22 silly get     'x-served-by': 'cache-mad9449-MAD',
22 silly get     'x-cache': 'MISS',
22 silly get     'x-cache-hits': '0',
22 silly get     'x-timer': 'S1524861222.500233,VS0,VE371',
22 silly get     vary: 'Accept-Encoding, Accept' } ]
23 verbose get saving lazyloading-images to /Users/toni/.npm/registry.npmjs.org/lazyloading-images/.cache.json
24 verbose correctMkdir /Users/toni/.npm correctMkdir not in flight; initializing
25 silly install normalizeTree
26 silly loadCurrentTree Finishing
27 silly loadIdealTree Starting
28 silly install loadIdealTree
29 silly cloneCurrentTree Starting
30 silly install cloneCurrentTreeToIdealTree
31 silly cloneCurrentTree Finishing
32 silly loadShrinkwrap Starting
33 silly install loadShrinkwrap
34 silly loadShrinkwrap Finishing
35 silly loadAllDepsIntoIdealTree Starting
36 silly install loadAllDepsIntoIdealTree
37 silly rollbackFailedOptional Starting
38 silly rollbackFailedOptional Finishing
39 silly runTopLevelLifecycles Finishing
40 silly install printInstalled
41 verbose stack Error: Refusing to install lazyloading-images as a dependency of itself
41 verbose stack     at checkSelf (/Users/toni/.nvm/versions/node/v8.10.0/lib/node_modules/npm/lib/install/validate-args.js:53:14)
41 verbose stack     at Array.<anonymous> (/Users/toni/.nvm/versions/node/v8.10.0/lib/node_modules/npm/node_modules/slide/lib/bind-actor.js:15:8)
41 verbose stack     at LOOP (/Users/toni/.nvm/versions/node/v8.10.0/lib/node_modules/npm/node_modules/slide/lib/chain.js:15:14)
41 verbose stack     at chain (/Users/toni/.nvm/versions/node/v8.10.0/lib/node_modules/npm/node_modules/slide/lib/chain.js:20:5)
41 verbose stack     at /Users/toni/.nvm/versions/node/v8.10.0/lib/node_modules/npm/lib/install/validate-args.js:16:5
41 verbose stack     at /Users/toni/.nvm/versions/node/v8.10.0/lib/node_modules/npm/node_modules/slide/lib/async-map.js:52:35
41 verbose stack     at Array.forEach (<anonymous>)
41 verbose stack     at /Users/toni/.nvm/versions/node/v8.10.0/lib/node_modules/npm/node_modules/slide/lib/async-map.js:52:11
41 verbose stack     at Array.forEach (<anonymous>)
41 verbose stack     at asyncMap (/Users/toni/.nvm/versions/node/v8.10.0/lib/node_modules/npm/node_modules/slide/lib/async-map.js:51:8)
42 verbose cwd /Users/toni/Desktop/projects/lazyloadimages-js
43 error Darwin 17.5.0
44 error argv "/Users/toni/.nvm/versions/node/v8.10.0/bin/node" "/Users/toni/.nvm/versions/node/v8.10.0/bin/npm" "i" "lazyloading-images"
45 error node v8.10.0
46 error npm  v3.10.10
47 error code ENOSELF
48 error Refusing to install lazyloading-images as a dependency of itself
49 error If you need help, you may report this error at:
49 error     <https://github.com/npm/npm/issues>
50 verbose exit [ 1, true ]
